[debug] [2021-06-28T06:53:25.210Z] ----------------------------------------------------------------------
[debug] [2021-06-28T06:53:25.211Z] Command:       /home/muirfan/.nvm/versions/node/v14.16.0/bin/node /home/muirfan/.nvm/versions/node/v14.16.0/bin/firebase emulators:start --only functions
[debug] [2021-06-28T06:53:25.212Z] CLI Version:   9.14.0
[debug] [2021-06-28T06:53:25.212Z] Platform:      linux
[debug] [2021-06-28T06:53:25.212Z] Node Version:  v14.16.0
[debug] [2021-06-28T06:53:25.212Z] Time:          Mon Jun 28 2021 13:53:25 GMT+0700 (Western Indonesia Time)
[debug] [2021-06-28T06:53:25.212Z] ----------------------------------------------------------------------
[debug] 
[debug] [2021-06-28T06:53:25.217Z] > command requires scopes: ["email","openid","https://www.googleapis.com/auth/cloudplatformprojects.readonly","https://www.googleapis.com/auth/firebase","https://www.googleapis.com/auth/cloud-platform"]
[debug] [2021-06-28T06:53:25.218Z] > authorizing via signed-in user (irfanmuh75@gmail.com)
[info] i  emulators: Starting emulators: functions {"metadata":{"emulator":{"name":"hub"},"message":"Starting emulators: functions"}}
[debug] [2021-06-28T06:53:25.239Z] [hub] writing locator at /tmp/hub-mealstogo-b43d2.json
[warn] ⚠  functions: The following emulators are not running, calls to these services from the Functions emulator will affect production: auth, firestore, database, hosting, pubsub, storage {"metadata":{"emulator":{"name":"functions"},"message":"The following emulators are not running, calls to these services from the Functions emulator will affect production: \u001b[1mauth, firestore, database, hosting, pubsub, storage\u001b[22m"}}
[info] ✔  functions: Using node@14 from host. {"metadata":{"emulator":{"name":"functions"},"message":"Using node@14 from host."}}
[debug] [2021-06-28T06:53:25.469Z] defaultcredentials: writing to file /home/muirfan/.config/firebase/irfanmuh75_gmail_com_application_default_credentials.json
[debug] [2021-06-28T06:53:25.474Z] Setting GAC to /home/muirfan/.config/firebase/irfanmuh75_gmail_com_application_default_credentials.json {"metadata":{"emulator":{"name":"functions"},"message":"Setting GAC to /home/muirfan/.config/firebase/irfanmuh75_gmail_com_application_default_credentials.json"}}
[debug] [2021-06-28T06:53:25.478Z] > refreshing access token with scopes: []
[debug] [2021-06-28T06:53:25.479Z] >>> HTTP REQUEST POST https://www.googleapis.com/oauth2/v3/token  
 <request body omitted>
[debug] [2021-06-28T06:53:26.061Z] <<< HTTP RESPONSE 200 {"cache-control":"no-cache, no-store, max-age=0, must-revalidate","pragma":"no-cache","date":"Mon, 28 Jun 2021 06:53:25 GMT","expires":"Mon, 01 Jan 1990 00:00:00 GMT","content-type":"application/json; charset=utf-8","vary":"X-Origin, Referer, Origin,Accept-Encoding","server":"scaffolding on HTTPServer2","x-xss-protection":"0","x-frame-options":"SAMEORIGIN","x-content-type-options":"nosniff","alt-svc":"h3=\":443\"; ma=2592000,h3-29=\":443\"; ma=2592000,h3-T051=\":443\"; ma=2592000,h3-Q050=\":443\"; ma=2592000,h3-Q046=\":443\"; ma=2592000,h3-Q043=\":443\"; ma=2592000,quic=\":443\"; ma=2592000; v=\"46,43\"","accept-ranges":"none","transfer-encoding":"chunked"}
[debug] [2021-06-28T06:53:26.076Z] >>> [apiv2][query] GET https://firebase.googleapis.com/v1beta1/projects/mealstogo-b43d2/adminSdkConfig [none]
[debug] [2021-06-28T06:53:27.295Z] <<< [apiv2][status] GET https://firebase.googleapis.com/v1beta1/projects/mealstogo-b43d2/adminSdkConfig 200
[debug] [2021-06-28T06:53:27.295Z] <<< [apiv2][body] GET https://firebase.googleapis.com/v1beta1/projects/mealstogo-b43d2/adminSdkConfig {"projectId":"mealstogo-b43d2","storageBucket":"mealstogo-b43d2.appspot.com"}
[info] i  ui: downloading ui-v1.5.0.zip... {"metadata":{"emulator":{"name":"ui"},"message":"downloading ui-v1.5.0.zip..."}}
[debug] [2021-06-28T06:53:27.314Z] >>> [apiv2][query] GET https://storage.googleapis.com/firebase-preview-drop/emulator/ui-v1.5.0.zip 
[debug] [2021-06-28T06:53:27.909Z] <<< [apiv2][status] GET https://storage.googleapis.com/firebase-preview-drop/emulator/ui-v1.5.0.zip 200
[debug] [2021-06-28T06:53:27.909Z] <<< [apiv2][body] GET https://storage.googleapis.com/firebase-preview-drop/emulator/ui-v1.5.0.zip [stream]
[debug] [2021-06-28T06:53:29.975Z] Ignoring unsupported arg: auto_download {"metadata":{"emulator":{"name":"ui"},"message":"Ignoring unsupported arg: auto_download"}}
[debug] [2021-06-28T06:53:29.975Z] Ignoring unsupported arg: port {"metadata":{"emulator":{"name":"ui"},"message":"Ignoring unsupported arg: port"}}
[debug] [2021-06-28T06:53:29.975Z] Starting Emulator UI with command {"binary":"node","args":["/home/muirfan/.cache/firebase/emulators/ui-v1.5.0/server.bundle.js"],"optionalArgs":[],"joinArgs":false} {"metadata":{"emulator":{"name":"ui"},"message":"Starting Emulator UI with command {\"binary\":\"node\",\"args\":[\"/home/muirfan/.cache/firebase/emulators/ui-v1.5.0/server.bundle.js\"],\"optionalArgs\":[],\"joinArgs\":false}"}}
[info] i  ui: Emulator UI logging to ui-debug.log {"metadata":{"emulator":{"name":"ui"},"message":"Emulator UI logging to \u001b[1mui-debug.log\u001b[22m"}}
[debug] [2021-06-28T06:53:30.055Z] Web / API server started at http://localhost:4000
 {"metadata":{"emulator":{"name":"ui"},"message":"Web / API server started at http://localhost:4000\n"}}
[info] i  functions: Watching "/home/muirfan/Documents/Belajar_ReactNative/MealsToGo/functions" for Cloud Functions... {"metadata":{"emulator":{"name":"functions"},"message":"Watching \"/home/muirfan/Documents/Belajar_ReactNative/MealsToGo/functions\" for Cloud Functions..."}}
[debug] [2021-06-28T06:53:30.277Z] [worker-pool] addWorker(~diagnostic~) {"metadata":{"emulator":{"name":"functions"},"message":"[worker-pool] addWorker(~diagnostic~)"}}
[debug] [2021-06-28T06:53:30.278Z] [worker-pool] Adding worker with key ~diagnostic~, total=1 {"metadata":{"emulator":{"name":"functions"},"message":"[worker-pool] Adding worker with key ~diagnostic~, total=1"}}
[debug] [2021-06-28T06:53:30.278Z] [worker-pool] submitWork(triggerId=) {"metadata":{"emulator":{"name":"functions"},"message":"[worker-pool] submitWork(triggerId=)"}}
[debug] [2021-06-28T06:53:30.279Z] [worker-~diagnostic~-93e77d4f-5b42-4ab5-9890-f7cb6cc8a9d5]: Assigning socketPath: /tmp/fire_emu_31544.sock {"metadata":{"emulator":{"name":"functions"},"message":"[worker-~diagnostic~-93e77d4f-5b42-4ab5-9890-f7cb6cc8a9d5]: Assigning socketPath: /tmp/fire_emu_31544.sock"}}
[debug] [2021-06-28T06:53:30.280Z] [worker-~diagnostic~-93e77d4f-5b42-4ab5-9890-f7cb6cc8a9d5]: BUSY {"metadata":{"emulator":{"name":"functions"},"message":"[worker-~diagnostic~-93e77d4f-5b42-4ab5-9890-f7cb6cc8a9d5]: BUSY"}}
[debug] [2021-06-28T06:53:30.387Z] [runtime-status] [31544] Functions runtime initialized. {"cwd":"/home/muirfan/Documents/Belajar_ReactNative/MealsToGo/functions","node_version":"14.16.0"} {"metadata":{"emulator":{"name":"functions"},"message":"[runtime-status] [31544] Functions runtime initialized. {\"cwd\":\"/home/muirfan/Documents/Belajar_ReactNative/MealsToGo/functions\",\"node_version\":\"14.16.0\"}"}}
[debug] [2021-06-28T06:53:30.388Z] [runtime-status] [31544] Disabled runtime features: undefined {"metadata":{"emulator":{"name":"functions"},"message":"[runtime-status] [31544] Disabled runtime features: undefined"}}
[debug] [2021-06-28T06:53:30.389Z] [runtime-status] [31544] Resolved module firebase-admin {"declared":true,"installed":true,"version":"9.10.0","resolution":"/home/muirfan/Documents/Belajar_ReactNative/MealsToGo/functions/node_modules/firebase-admin/lib/index.js"} {"metadata":{"emulator":{"name":"functions"},"message":"[runtime-status] [31544] Resolved module firebase-admin {\"declared\":true,\"installed\":true,\"version\":\"9.10.0\",\"resolution\":\"/home/muirfan/Documents/Belajar_ReactNative/MealsToGo/functions/node_modules/firebase-admin/lib/index.js\"}"}}
[debug] [2021-06-28T06:53:30.390Z] [runtime-status] [31544] Resolved module firebase-functions {"declared":true,"installed":true,"version":"3.14.1","resolution":"/home/muirfan/Documents/Belajar_ReactNative/MealsToGo/functions/node_modules/firebase-functions/lib/index.js"} {"metadata":{"emulator":{"name":"functions"},"message":"[runtime-status] [31544] Resolved module firebase-functions {\"declared\":true,\"installed\":true,\"version\":\"3.14.1\",\"resolution\":\"/home/muirfan/Documents/Belajar_ReactNative/MealsToGo/functions/node_modules/firebase-functions/lib/index.js\"}"}}
[debug] [2021-06-28T06:53:30.391Z] [runtime-status] [31544] Resolved module firebase-functions {"declared":true,"installed":true,"version":"3.14.1","resolution":"/home/muirfan/Documents/Belajar_ReactNative/MealsToGo/functions/node_modules/firebase-functions/lib/index.js"} {"metadata":{"emulator":{"name":"functions"},"message":"[runtime-status] [31544] Resolved module firebase-functions {\"declared\":true,\"installed\":true,\"version\":\"3.14.1\",\"resolution\":\"/home/muirfan/Documents/Belajar_ReactNative/MealsToGo/functions/node_modules/firebase-functions/lib/index.js\"}"}}
[debug] [2021-06-28T06:53:30.392Z] [runtime-status] [31544] Outgoing network have been stubbed. [{"name":"http","status":"mocked"},{"name":"http","status":"mocked"},{"name":"https","status":"mocked"},{"name":"https","status":"mocked"},{"name":"net","status":"mocked"}] {"metadata":{"emulator":{"name":"functions"},"message":"[runtime-status] [31544] Outgoing network have been stubbed. [{\"name\":\"http\",\"status\":\"mocked\"},{\"name\":\"http\",\"status\":\"mocked\"},{\"name\":\"https\",\"status\":\"mocked\"},{\"name\":\"https\",\"status\":\"mocked\"},{\"name\":\"net\",\"status\":\"mocked\"}]"}}
[debug] [2021-06-28T06:53:30.392Z] [runtime-status] [31544] Resolved module firebase-functions {"declared":true,"installed":true,"version":"3.14.1","resolution":"/home/muirfan/Documents/Belajar_ReactNative/MealsToGo/functions/node_modules/firebase-functions/lib/index.js"} {"metadata":{"emulator":{"name":"functions"},"message":"[runtime-status] [31544] Resolved module firebase-functions {\"declared\":true,\"installed\":true,\"version\":\"3.14.1\",\"resolution\":\"/home/muirfan/Documents/Belajar_ReactNative/MealsToGo/functions/node_modules/firebase-functions/lib/index.js\"}"}}
[debug] [2021-06-28T06:53:30.419Z] [runtime-status] [31544] Checked functions.config() {"config":{}} {"metadata":{"emulator":{"name":"functions"},"message":"[runtime-status] [31544] Checked functions.config() {\"config\":{}}"}}
[debug] [2021-06-28T06:53:30.419Z] [runtime-status] [31544] firebase-functions has been stubbed. {"functionsResolution":{"declared":true,"installed":true,"version":"3.14.1","resolution":"/home/muirfan/Documents/Belajar_ReactNative/MealsToGo/functions/node_modules/firebase-functions/lib/index.js"}} {"metadata":{"emulator":{"name":"functions"},"message":"[runtime-status] [31544] firebase-functions has been stubbed. {\"functionsResolution\":{\"declared\":true,\"installed\":true,\"version\":\"3.14.1\",\"resolution\":\"/home/muirfan/Documents/Belajar_ReactNative/MealsToGo/functions/node_modules/firebase-functions/lib/index.js\"}}"}}
[debug] [2021-06-28T06:53:30.420Z] [runtime-status] [31544] Resolved module firebase-functions {"declared":true,"installed":true,"version":"3.14.1","resolution":"/home/muirfan/Documents/Belajar_ReactNative/MealsToGo/functions/node_modules/firebase-functions/lib/index.js"} {"metadata":{"emulator":{"name":"functions"},"message":"[runtime-status] [31544] Resolved module firebase-functions {\"declared\":true,\"installed\":true,\"version\":\"3.14.1\",\"resolution\":\"/home/muirfan/Documents/Belajar_ReactNative/MealsToGo/functions/node_modules/firebase-functions/lib/index.js\"}"}}
[debug] [2021-06-28T06:53:30.421Z] [runtime-status] [31544] Resolved module firebase-admin {"declared":true,"installed":true,"version":"9.10.0","resolution":"/home/muirfan/Documents/Belajar_ReactNative/MealsToGo/functions/node_modules/firebase-admin/lib/index.js"} {"metadata":{"emulator":{"name":"functions"},"message":"[runtime-status] [31544] Resolved module firebase-admin {\"declared\":true,\"installed\":true,\"version\":\"9.10.0\",\"resolution\":\"/home/muirfan/Documents/Belajar_ReactNative/MealsToGo/functions/node_modules/firebase-admin/lib/index.js\"}"}}
[debug] [2021-06-28T06:53:30.421Z] [runtime-status] [31544] Resolved module firebase-functions {"declared":true,"installed":true,"version":"3.14.1","resolution":"/home/muirfan/Documents/Belajar_ReactNative/MealsToGo/functions/node_modules/firebase-functions/lib/index.js"} {"metadata":{"emulator":{"name":"functions"},"message":"[runtime-status] [31544] Resolved module firebase-functions {\"declared\":true,\"installed\":true,\"version\":\"3.14.1\",\"resolution\":\"/home/muirfan/Documents/Belajar_ReactNative/MealsToGo/functions/node_modules/firebase-functions/lib/index.js\"}"}}
[debug] [2021-06-28T06:53:30.421Z] [runtime-status] [31544] firebase-admin has been stubbed. {"adminResolution":{"declared":true,"installed":true,"version":"9.10.0","resolution":"/home/muirfan/Documents/Belajar_ReactNative/MealsToGo/functions/node_modules/firebase-admin/lib/index.js"}} {"metadata":{"emulator":{"name":"functions"},"message":"[runtime-status] [31544] firebase-admin has been stubbed. {\"adminResolution\":{\"declared\":true,\"installed\":true,\"version\":\"9.10.0\",\"resolution\":\"/home/muirfan/Documents/Belajar_ReactNative/MealsToGo/functions/node_modules/firebase-admin/lib/index.js\"}}"}}
[debug] [2021-06-28T06:53:30.422Z] [worker-~diagnostic~-93e77d4f-5b42-4ab5-9890-f7cb6cc8a9d5]: IDLE {"metadata":{"emulator":{"name":"functions"},"message":"[worker-~diagnostic~-93e77d4f-5b42-4ab5-9890-f7cb6cc8a9d5]: IDLE"}}
[info] 
┌─────────────────────────────────────────────────────────────┐
│ ✔  All emulators ready! It is now safe to connect your app. │
│ i  View Emulator UI at http://localhost:4000                │
└─────────────────────────────────────────────────────────────┘

┌───────────┬────────────────┬─────────────────────────────────┐
│ Emulator  │ Host:Port      │ View in Emulator UI             │
├───────────┼────────────────┼─────────────────────────────────┤
│ Functions │ localhost:5001 │ http://localhost:4000/functions │
└───────────┴────────────────┴─────────────────────────────────┘
  Emulator Hub running at localhost:4400
  Other reserved ports: 4500

Issues? Report them at https://github.com/firebase/firebase-tools/issues and attach the *-debug.log files.
 
